app/build/intermediates/manifest_merge_blame_file/debug/manifest-merger-blame-debug-report.txt
1<?xml version="1.0" encoding="utf-8"?>
2<manifest xmlns:android="http://schemas.android.com/apk/res/android"
3    package="com.example.android.recyclerview"
4    android:versionCode="1"
5    android:versionName="1.0" >
6
7    <uses-sdk
8        android:minSdkVersion="15"
8-->src\main\AndroidManifest.xml
9        android:targetSdkVersion="26" />
9-->src\main\AndroidManifest.xml
10
11    <application
11-->src\main\AndroidManifest.xml:7:5-24:19
12        android:allowBackup="true"
12-->src\main\AndroidManifest.xml:8:9-35
13        android:debuggable="true"
14        android:icon="@mipmap/ic_launcher"
14-->src\main\AndroidManifest.xml:9:9-43
15        android:label="@string/app_name"
15-->src\main\AndroidManifest.xml:10:9-41
16        android:roundIcon="@mipmap/ic_launcher_round"
16-->src\main\AndroidManifest.xml:11:9-54
17        android:supportsRtl="true"
17-->src\main\AndroidManifest.xml:12:9-35
18        android:testOnly="true"
19        android:theme="@style/AppTheme" >
19-->src\main\AndroidManifest.xml:13:9-40
20        <activity
20-->src\main\AndroidManifest.xml:14:9-23:20
21            android:name="com.example.android.recyclerview.MainActivity"
21-->src\main\AndroidManifest.xml:15:13-41
22            android:label="@string/app_name"
22-->src\main\AndroidManifest.xml:16:13-45
23            android:theme="@style/AppTheme.NoActionBar" >
23-->src\main\AndroidManifest.xml:17:13-56
24            <intent-filter>
24-->src\main\AndroidManifest.xml:18:13-22:29
25                <action android:name="android.intent.action.MAIN" />
25-->src\main\AndroidManifest.xml:19:17-69
25-->src\main\AndroidManifest.xml:19:25-66
26
27                <category android:name="android.intent.category.LAUNCHER" />
27-->src\main\AndroidManifest.xml:21:17-77
27-->src\main\AndroidManifest.xml:21:27-74
28            </intent-filter>
29        </activity>
30
31        <meta-data
31-->[com.android.support:design:26.1.0] AndroidManifest.xml:26:9-28:38
32            android:name="android.support.VERSION"
32-->[com.android.support:design:26.1.0] AndroidManifest.xml:27:13-51
33            android:value="26.1.0" />
33-->[com.android.support:design:26.1.0] AndroidManifest.xml:28:13-35
34        <meta-data
34-->[android.arch.lifecycle:runtime:1.0.0] AndroidManifest.xml:25:9-27:47
35            android:name="android.arch.lifecycle.VERSION"
35-->[android.arch.lifecycle:runtime:1.0.0] AndroidManifest.xml:26:13-58
36            android:value="27.0.0-SNAPSHOT" />
36-->[android.arch.lifecycle:runtime:1.0.0] AndroidManifest.xml:27:13-44
37    </application>
38
39</manifest>